<?xml version="1.0" encoding="UTF-8" ?>
<testsuite errors="0" failures="4" hostname="jorgemaria" name="Obra" tests="9" time="17.683" timestamp="2016-06-16T03:41:54">
  <properties />
  <testcase classname="grails.plugin.cucumber.CucumberTest" name="Adicionar obra nao existente" time="1.275" />
  <testcase classname="grails.plugin.cucumber.CucumberTest" name="Adicionar obra existente" time="0.231" />
  <testcase classname="grails.plugin.cucumber.CucumberTest" name="Atualizar obra" time="0.193">
    <failure message="assert TestDataAndOperations.obraCompatibleTo(obra, nomeObra)&#xa;                             |                |     |&#xa;                             false            null  Praca do arsenal" type="grails.plugin.cucumber.FakeAssertionFailedError">Assertion failed: 

assert TestDataAndOperations.obraCompatibleTo(obra, nomeObra)
                             |                |     |
                             false            null  Praca do arsenal

	at ObraSteps$_run_closure14.doCall(ObraSteps.groovy:137)
	at ✽.Then o sistema atualiza a obra com o nome &quot;Praca do arsenal&quot;(Obra.feature:20)
</failure>
  </testcase>
  <testcase classname="grails.plugin.cucumber.CucumberTest" name="Remover obra existente" time="0.324" />
  <testcase classname="grails.plugin.cucumber.CucumberTest" name="Verificar status andamento obra" time="0.202" />
  <testcase classname="grails.plugin.cucumber.CucumberTest" name="Receber atualizacoes da obra por email" time="11.294">
    <failure message="assert false&#xa;" type="grails.plugin.cucumber.FakeAssertionFailedError">Assertion failed: 

assert false


	at ObraSteps$_run_closure12.doCall(ObraSteps.groovy:120)
	at ✽.Then eu vejo uma mensagem de confirmacao com o nome &quot;Praca do arsenal&quot; e email &quot;teste@obralimpa.com&quot;(Obra.feature:37)
</failure>
  </testcase>
  <testcase classname="grails.plugin.cucumber.CucumberTest" name="Visualizar obra" time="1.876" />
  <testcase classname="grails.plugin.cucumber.CucumberTest" name="Nova pagina de obra" time="0.552">
    <failure message="assert false&#xa;" type="grails.plugin.cucumber.FakeAssertionFailedError">Assertion failed: 

assert false


	at ObraSteps$_run_closure23.doCall(ObraSteps.groovy:209)
	at ✽.Then eu vejo uma mensagem de confirmacao com o nome &quot;Praca do arsenal&quot;(Obra.feature:49)
</failure>
  </testcase>
  <testcase classname="grails.plugin.cucumber.CucumberTest" name="compartilhar obra na rede social" time="0.982">
    <failure message="assert false&#xa;" type="grails.plugin.cucumber.FakeAssertionFailedError">Assertion failed: 

assert false


	at ObraSteps$_run_closure23.doCall(ObraSteps.groovy:209)
	at ✽.Then eu vejo uma mensagem de confirmacao com o nome &quot;Praca do arsenal&quot;(Obra.feature:55)
</failure>
  </testcase>
  <system-out><![CDATA[Feature: Obra
  As a usuario do sistema
  I want to adicionar, remover, modificar e visualizar obras no sistema
  So That eu posso gerar paginas web para exibir informacoes sobre a obra

--Output from Adicionar obra nao existente--
--Output from Adicionar obra existente--
  #CONTROLLER
  Scenario: Adicionar obra nao existente                            # Obra.feature:7
    Given que o sistema nao tem uma obra chamada "Praca do arsenal" # ObraSteps.groovy:18
    When eu tentar cadastrar uma obra com o nome "Praca do arsenal" # ObraSteps.groovy:25
    Then o sistema ira cadastrar a obra de nome "Praca do arsenal"  # ObraSteps.groovy:30

--Output from Atualizar obra--
  Scenario: Adicionar obra existente                                   # Obra.feature:12
    Given que o sistema tem uma obra chamada "Praca do arsenal"        # ObraSteps.groovy:44
    When eu tentar cadastrar uma obra com o nome "Praca do arsenal"    # ObraSteps.groovy:25
    Then o sistema nao ira cadastrar a obra de nome "Praca do arsenal" # ObraSteps.groovy:51

--Output from Remover obra existente--
  Scenario: Atualizar obra                                                  # Obra.feature:17
    Given que o sistema nao tem uma obra chamada "Praca do arsenal"         # ObraSteps.groovy:18
    When eu tentar atualizar os dados da obra com o nome "Praca do arsenal" # ObraSteps.groovy:130
    Then o sistema atualiza a obra com o nome "Praca do arsenal"            # ObraSteps.groovy:134
      Assertion failed: 
      
      assert TestDataAndOperations.obraCompatibleTo(obra, nomeObra)
                                   |                |     |
                                   false            null  Praca do arsenal
      
      	at ObraSteps$_run_closure14.doCall(ObraSteps.groovy:137)
      	at ✽.Then o sistema atualiza a obra com o nome "Praca do arsenal"(Obra.feature:20)


--Output from Verificar status andamento obra--
  Scenario: Remover obra existente                                # Obra.feature:22
    Given que o sistema tem uma obra chamada "Praca do arsenal"   # ObraSteps.groovy:44
    When eu tentar remover a obra com o nome "Praca do arsenal"   # ObraSteps.groovy:148
    Then o sistema ira remover a obra com nome "Praca do arsenal" # ObraSteps.groovy:153

--Output from Receber atualizacoes da obra por email--
  Scenario: Verificar status andamento obra                                                                 # Obra.feature:27
    Given que o sistema tem uma obra chamada "Praca atrasada" que esta atrasada mas esta com status "emDia" # ObraSteps.groovy:165
    When eu tentar verificar o status da obra com o nome "Praca atrasada"                                   # ObraSteps.groovy:172
    Then o sistema ira atualizar obra com nome "Praca atrasada" para "atrasada"                             # ObraSteps.groovy:177

--Output from Visualizar obra--
  #GUI
  Scenario: Receber atualizacoes da obra por email                                                       # Obra.feature:33
    Given eu estou visualizando a obra "Praca do arsenal"                                                # ObraSteps.groovy:94
    When eu seleciono a opcao "Receber atualizacao por email"                                            # ObraSteps.groovy:104
    And preencho o campo de email com o email "teste@obralimpa.com"                                      # ObraSteps.groovy:112
    Then eu vejo uma mensagem de confirmacao com o nome "Praca do arsenal" e email "teste@obralimpa.com" # ObraSteps.groovy:116
      Assertion failed: 
      
      assert false
      
      
      	at ObraSteps$_run_closure12.doCall(ObraSteps.groovy:120)
      	at ✽.Then eu vejo uma mensagem de confirmacao com o nome "Praca do arsenal" e email "teste@obralimpa.com"(Obra.feature:37)


--Output from Nova pagina de obra--
  Scenario: Visualizar obra                                                                            # Obra.feature:39
    Given que o usuario esta no menu de obras e quer visualizar os detalhes da obra "Praca do arsenal" # ObraSteps.groovy:64
    When o usuario seleciona a obra "Praca do arsenal"                                                 # ObraSteps.groovy:71
    Then o sistema exibe os detalhes da obra "Praca do arsenal"                                        # ObraSteps.groovy:78

--Output from compartilhar obra na rede social--
  Scenario: Nova pagina de obra                                                                         # Obra.feature:44
    Given eu estou no menu de obras e nao existe uma obra com nome "Praca do Arsenal" na lista de obras # ObraSteps.groovy:195
    When eu seleciono a opcao "Cadastrar"                                                               # ObraSteps.groovy:104
    And eu tento cadastrar a obra com o nome "Praca do Arsenal"                                         # ObraSteps.groovy:201
    And seleciono a opcao "Salvar"                                                                      # ObraSteps.groovy:204
    Then eu vejo uma mensagem de confirmacao com o nome "Praca do arsenal"                              # ObraSteps.groovy:207
      Assertion failed: 
      
      assert false
      
      
      	at ObraSteps$_run_closure23.doCall(ObraSteps.groovy:209)
      	at ✽.Then eu vejo uma mensagem de confirmacao com o nome "Praca do arsenal"(Obra.feature:49)


  Scenario: compartilhar obra na rede social                                           # Obra.feature:51
    Given eu estou visualizando a obra "Praca do arsenal"                              # ObraSteps.groovy:94
    When eu seleciono a opcao "Compartilhar na Rede Social"                            # ObraSteps.groovy:104
    And preencho os campos com o email "teste@teste.com" e senha "senha"               # ObraSteps.groovy:221
    Then eu vejo uma mensagem de confirmacao com o nome "Praca do arsenal"             # ObraSteps.groovy:207
      Assertion failed: 
      
      assert false
      
      
      	at ObraSteps$_run_closure23.doCall(ObraSteps.groovy:209)
      	at ✽.Then eu vejo uma mensagem de confirmacao com o nome "Praca do arsenal"(Obra.feature:55)

    And passo visualizar na minha rede social a postagem com o nome "Praca do Arsenal" # ObraSteps.groovy:224
]]></system-out>
  <system-err><![CDATA[
--Output from Adicionar obra nao existente--
--Output from Adicionar obra existente--
--Output from Atualizar obra--
--Output from Remover obra existente--
--Output from Verificar status andamento obra--
--Output from Receber atualizacoes da obra por email--Starting ChromeDriver 2.21.371459 (36d3d07f660ff2bc1bf28a75d1cdabed0983e7c4) on port 10328
Only local connections are allowed.

--Output from Visualizar obra--
--Output from Nova pagina de obra--
--Output from compartilhar obra na rede social--]]></system-err>
</testsuite>
